<?xml version="1.0" encoding="UTF-8"?>
<testng-results skipped="0" failed="0" total="1" passed="1">
  <reporter-output>
  </reporter-output>
  <suite name="Default suite" duration-ms="16604" started-at="2018-06-17T03:03:51Z" finished-at="2018-06-17T03:04:08Z">
    <groups>
    </groups>
    <test name="Default test" duration-ms="16604" started-at="2018-06-17T03:03:51Z" finished-at="2018-06-17T03:04:08Z">
      <class name="com.facebook.login.jenkinstest">
        <test-method status="PASS" signature="testjenkins()[pri:0, instance:com.facebook.login.jenkinstest@97e1986]" name="testjenkins" duration-ms="16522" started-at="2018-06-17T08:33:52Z" finished-at="2018-06-17T08:34:08Z">
          <reporter-output>
          </reporter-output>
        </test-method> <!-- testjenkins -->
      </class> <!-- com.facebook.login.jenkinstest -->
    </test> <!-- Default test -->
  </suite> <!-- Default suite -->
</testng-results>
